<?xml version="1.0" encoding="UTF-8"?>
<testng-results ignored="0" total="2" passed="2" failed="0" skipped="0">
  <reporter-output>
  </reporter-output>
  <suite started-at="2024-05-30T15:15:42 IST" name="Default suite" finished-at="2024-05-30T15:15:42 IST" duration-ms="79">
    <groups>
    </groups>
    <test started-at="2024-05-30T15:15:42 IST" name="Default test" finished-at="2024-05-30T15:15:42 IST" duration-ms="79">
      <class name="Streams1">
        <test-method signature="streamFilter()[pri:0, instance:Streams1@5a45133e]" started-at="2024-05-30T15:15:42 IST" name="streamFilter" finished-at="2024-05-30T15:15:42 IST" duration-ms="15" status="PASS">
          <reporter-output>
          </reporter-output>
        </test-method> <!-- streamFilter -->
        <test-method signature="streamMap()[pri:0, instance:Streams1@5a45133e]" started-at="2024-05-30T15:15:42 IST" name="streamMap" finished-at="2024-05-30T15:15:42 IST" duration-ms="6" status="PASS">
          <reporter-output>
          </reporter-output>
        </test-method> <!-- streamMap -->
      </class> <!-- Streams1 -->
    </test> <!-- Default test -->
  </suite> <!-- Default suite -->
</testng-results>
